Build started 25/01/2016 21:16:04.
     1>Project "C:\Users\Chakib\documents\visual studio 2010\Projects\Gumballs\Gumballs\Gumballs.vcxproj" on node 2 (build target(s)).
     1>InitializeBuildStatus:
         Creating "Debug\Gumballs.unsuccessfulbuild" because "AlwaysCreate" was specified.
       ClCompile:
         All outputs are up-to-date.
         C:\Program Files (x86)\Microsoft Visual Studio 10.0\VC\bin\CL.exe /c /ZI /nologo /W3 /WX- /Od /Oy- /D WIN32 /D _DEBUG /D _CONSOLE /D _UNICODE /D UNICODE /Gm /EHsc /RTC1 /MDd /GS /fp:precise /Zc:wchar_t /Zc:forScope /Yu"StdAfx.h" /Fp"Debug\Gumballs.pch" /Fo"Debug\\" /Fd"Debug\vc100.pdb" /Gd /TP /analyze- /errorReport:prompt Gumballs.cpp
         Gumballs.cpp
     1>c:\users\chakib\documents\visual studio 2010\projects\gumballs\gumballs\gumballs.cpp(16): warning C4996: 'getch': The POSIX name for this item is deprecated. Instead, use the ISO C++ conformant name: _getch. See online help for details.
                 c:\program files (x86)\microsoft visual studio 10.0\vc\include\conio.h(128) : see declaration of 'getch'
       ManifestResourceCompile:
         All outputs are up-to-date.
       Link:
         C:\Program Files (x86)\Microsoft Visual Studio 10.0\VC\bin\link.exe /ERRORREPORT:PROMPT /OUT:"C:\Users\Chakib\documents\visual studio 2010\Projects\Gumballs\Debug\Gumballs.exe" /INCREMENTAL /NOLOGO kernel32.lib user32.lib gdi32.lib winspool.lib comdlg32.lib advapi32.lib shell32.lib ole32.lib oleaut32.lib uuid.lib odbc32.lib odbccp32.lib /MANIFEST /ManifestFile:"Debug\Gumballs.exe.intermediate.manifest" /MANIFESTUAC:"level='asInvoker' uiAccess='false'" /DEBUG /PDB:"C:\Users\Chakib\documents\visual studio 2010\Projects\Gumballs\Debug\Gumballs.pdb" /SUBSYSTEM:CONSOLE /TLBID:1 /DYNAMICBASE /NXCOMPAT /IMPLIB:"C:\Users\Chakib\documents\visual studio 2010\Projects\Gumballs\Debug\Gumballs.lib" /MACHINE:X86 Debug\Gumballs.exe.embed.manifest.res
         Debug\Gumballs.obj
         Debug\stdafx.obj
       Manifest:
         C:\Program Files (x86)\Microsoft SDKs\Windows\v7.0A\bin\mt.exe /nologo /verbose /out:"Debug\Gumballs.exe.embed.manifest" /manifest Debug\Gumballs.exe.intermediate.manifest
         All outputs are up-to-date.
       LinkEmbedManifest:
         All outputs are up-to-date.
         Gumballs.vcxproj -> C:\Users\Chakib\documents\visual studio 2010\Projects\Gumballs\Debug\Gumballs.exe
       FinalizeBuildStatus:
         Deleting file "Debug\Gumballs.unsuccessfulbuild".
         Touching "Debug\Gumballs.lastbuildstate".
     1>Done Building Project "C:\Users\Chakib\documents\visual studio 2010\Projects\Gumballs\Gumballs\Gumballs.vcxproj" (build target(s)).

Build succeeded.

Time Elapsed 00:00:01.85
